<?xml version="1.0" encoding="UTF-8"?>
<!-- Generated by org.testng.reporters.JUnitReportReporter -->
<testsuite skipped="0" hostname="Shalini-PC" name="script.InvalidLogin" tests="1" failures="0" timestamp="27 Feb 2018 09:41:46 GMT" time="7.759" errors="0">
  <testcase name="testInvalidlogin" time="7.759" classname="script.InvalidLogin"/>
</testsuite> <!-- script.InvalidLogin -->
