<?xml version="1.0" encoding="UTF-8"?>
<!-- Generated by org.testng.reporters.JUnitReportReporter -->
<testsuite skipped="0" hostname="shalini-PC" name="database45.DBTest" tests="3" failures="0" timestamp="16 Mar 2018 09:38:29 GMT" time="2.945" errors="0">
  <testcase name="insertData" time="0.279" classname="database45.DBTest"/>
  <testcase name="SelectData" time="2.268" classname="database45.DBTest"/>
  <testcase name="updateData" time="0.398" classname="database45.DBTest"/>
</testsuite> <!-- database45.DBTest -->
